2022-09-19 21:01:36,107:INFO:PyCaret Supervised Module
2022-09-19 21:01:36,107:INFO:ML Usecase: classification
2022-09-19 21:01:36,107:INFO:version 2.3.6
2022-09-19 21:01:36,108:INFO:Initializing setup()
2022-09-19 21:01:36,108:INFO:setup(target=Class, ml_usecase=classification, available_plots={'parameter': 'Hyperparameters', 'auc': 'AUC', 'confusion_matrix': 'Confusion Matrix', 'threshold': 'Threshold', 'pr': 'Precision Recall', 'error': 'Prediction Error', 'class_report': 'Class Report', 'rfe': 'Feature Selection', 'learning': 'Learning Curve', 'manifold': 'Manifold Learning', 'calibration': 'Calibration Curve', 'vc': 'Validation Curve', 'dimension': 'Dimensions', 'feature': 'Feature Importance', 'feature_all': 'Feature Importance (All)', 'boundary': 'Decision Boundary', 'lift': 'Lift Chart', 'gain': 'Gain Chart', 'tree': 'Decision Tree', 'ks': 'KS Statistic Plot'}, train_size=0.7, test_data=None, preprocess=True, imputation_type=simple, iterative_imputation_iters=5, categorical_features=None, categorical_imputation=constant, categorical_iterative_imputer=lightgbm, ordinal_features=None, high_cardinality_features=None, high_cardinality_method=frequency, numeric_features=None, numeric_imputation=mean, numeric_iterative_imputer=lightgbm, date_features=None, ignore_features=None, normalize=False, normalize_method=zscore, transformation=False, transformation_method=yeo-johnson, handle_unknown_categorical=True, unknown_categorical_method=least_frequent, pca=False, pca_method=linear, pca_components=None, ignore_low_variance=False, combine_rare_levels=False, rare_level_threshold=0.1, bin_numeric_features=None, remove_outliers=False, outliers_threshold=0.05, remove_multicollinearity=False, multicollinearity_threshold=0.9, remove_perfect_collinearity=True, create_clusters=False, cluster_iter=20, polynomial_features=False, polynomial_degree=2, trigonometry_features=False, polynomial_threshold=0.1, group_features=None, group_names=None, feature_selection=False, feature_selection_threshold=0.8, feature_selection_method=classic, feature_interaction=False, feature_ratio=False, interaction_threshold=0.01, fix_imbalance=False, fix_imbalance_method=None, transform_target=False, transform_target_method=box-cox, data_split_shuffle=True, data_split_stratify=False, fold_strategy=stratifiedkfold, fold=10, fold_shuffle=False, fold_groups=None, n_jobs=-1, use_gpu=False, custom_pipeline=None, html=True, session_id=None, log_experiment=False, experiment_name=None, log_plots=False, log_profile=False, log_data=False, silent=False, verbose=True, profile=False, profile_kwargs=None, display=None)
2022-09-19 21:01:36,109:INFO:Checking environment
2022-09-19 21:01:36,109:INFO:python_version: 3.8.12
2022-09-19 21:01:36,109:INFO:python_build: ('default', 'Oct 12 2021 03:01:40')
2022-09-19 21:01:36,109:INFO:machine: AMD64
2022-09-19 21:01:36,109:INFO:platform: Windows-10-10.0.19044-SP0
2022-09-19 21:01:36,110:WARNING:cannot find psutil installation. memory not traceable. Install psutil using pip to enable memory logging.
2022-09-19 21:01:36,110:INFO:Checking libraries
2022-09-19 21:01:36,110:INFO:pd==1.4.0
2022-09-19 21:01:36,110:INFO:numpy==1.19.5
2022-09-19 21:01:36,110:INFO:sklearn==0.23.2
2022-09-19 21:01:36,110:INFO:lightgbm==3.3.2
2022-09-19 21:01:36,111:WARNING:catboost not found
2022-09-19 21:01:36,111:INFO:xgboost==1.6.2
2022-09-19 21:01:36,719:INFO:mlflow==1.23.1
2022-09-19 21:01:36,719:INFO:Checking Exceptions
2022-09-19 21:01:36,720:INFO:Declaring global variables
2022-09-19 21:01:36,720:INFO:USI: 0f47
2022-09-19 21:01:36,720:INFO:pycaret_globals: {'pycaret_globals', 'imputation_classifier', 'y_train', 'X_train', '_internal_pipeline', '_ml_usecase', 'display_container', 'log_plots_param', 'logging_param', 'seed', 'fold_generator', 'X_test', 'transform_target_method_param', 'y', 'prep_pipe', 'fold_groups_param_full', 'create_model_container', 'exp_name_log', 'fold_groups_param', 'transform_target_param', '_all_models', 'fold_shuffle_param', 'fix_imbalance_param', 'html_param', 'imputation_regressor', 'n_jobs_param', '_gpu_n_jobs_param', 'data_before_preprocess', 'fix_imbalance_method_param', '_all_models_internal', 'X', 'fold_param', 'target_param', 'gpu_param', 'y_test', 'stratify_param', '_all_metrics', '_available_plots', 'USI', 'iterative_imputation_iters_param', 'experiment__', 'master_model_container'}
2022-09-19 21:01:36,720:INFO:Preparing display monitor
2022-09-19 21:01:36,720:INFO:Preparing display monitor
2022-09-19 21:01:36,731:INFO:Importing libraries
2022-09-19 21:01:36,731:INFO:Copying data for preprocessing
2022-09-19 21:01:36,739:INFO:Declaring preprocessing parameters
2022-09-19 21:01:36,740:INFO:Creating preprocessing pipeline
2022-09-19 21:01:36,755:INFO:Preprocessing pipeline created successfully
2022-09-19 21:01:36,755:ERROR:(Process Exit): setup has been interupted with user command 'quit'. setup must rerun.
2022-09-19 21:01:36,755:INFO:Creating global containers
2022-09-19 21:01:36,758:INFO:Internal pipeline: Pipeline(memory=None, steps=[('empty_step', 'passthrough')], verbose=False)
2022-09-19 21:01:43,604:WARNING:Couldn't import catboost.CatBoostClassifier
2022-09-19 21:01:43,683:WARNING:Couldn't import catboost.CatBoostClassifier
2022-09-19 21:01:43,684:INFO:Creating grid variables
2022-09-19 21:01:43,695:INFO:create_model_container: 0
2022-09-19 21:01:43,696:INFO:master_model_container: 0
2022-09-19 21:01:43,696:INFO:display_container: 1
2022-09-19 21:01:43,700:INFO:Pipeline(memory=None,
         steps=[('dtypes',
                 DataTypes_Auto_infer(categorical_features=[],
                                      display_types=True, features_todrop=[],
                                      id_columns=[],
                                      ml_usecase='classification',
                                      numerical_features=[], target='Class',
                                      time_features=[])),
                ('imputer',
                 Simple_Imputer(categorical_strategy='not_available',
                                fill_value_categorical=None,
                                fill_value_numerical=None,
                                numeric_strate...
                ('scaling', 'passthrough'), ('P_transform', 'passthrough'),
                ('binn', 'passthrough'), ('rem_outliers', 'passthrough'),
                ('cluster_all', 'passthrough'),
                ('dummy', Dummify(target='Class')),
                ('fix_perfect', Remove_100(target='Class')),
                ('clean_names', Clean_Colum_Names()),
                ('feature_select', 'passthrough'), ('fix_multi', 'passthrough'),
                ('dfs', 'passthrough'), ('pca', 'passthrough')],
         verbose=False)
2022-09-19 21:01:43,700:INFO:setup() succesfully completed......................................
2022-09-19 21:01:43,786:INFO:Initializing compare_models()
2022-09-19 21:01:43,786:INFO:compare_models(include=None, fold=None, round=4, cross_validation=True, sort=Accuracy, n_select=1, budget_time=None, turbo=True, errors=ignore, fit_kwargs=None, groups=None, probability_threshold=None, verbose=True, display=None, exclude=None)
2022-09-19 21:01:43,787:INFO:Checking exceptions
2022-09-19 21:01:43,787:INFO:Preparing display monitor
2022-09-19 21:01:43,787:INFO:Preparing display monitor
2022-09-19 21:01:43,816:INFO:Initializing Logistic Regression
2022-09-19 21:01:43,817:INFO:Total runtime is 1.675287882486979e-05 minutes
2022-09-19 21:01:43,827:INFO:SubProcess create_model() called ==================================
2022-09-19 21:01:43,828:INFO:Initializing create_model()
2022-09-19 21:01:43,828:INFO:create_model(estimator=lr, fold=StratifiedKFold(n_splits=10, random_state=None, shuffle=False), round=4, cross_validation=True, predict=True, fit_kwargs={}, groups=None, refit=False, verbose=False, system=False, metrics=None, add_to_model_list=True, probability_threshold=None, display=<pycaret.internal.Display.Display object at 0x000001AF011C2340>, kwargs={})
2022-09-19 21:01:43,828:INFO:Checking exceptions
2022-09-19 21:01:43,828:INFO:Importing libraries
2022-09-19 21:01:43,828:INFO:Copying training dataset
2022-09-19 21:01:43,829:INFO:Defining folds
2022-09-19 21:01:43,829:INFO:Declaring metric variables
2022-09-19 21:01:43,837:INFO:Importing untrained model
2022-09-19 21:01:43,848:INFO:Logistic Regression Imported succesfully
2022-09-19 21:01:43,865:INFO:Starting cross validation
2022-09-19 21:01:43,865:INFO:Cross validating with StratifiedKFold(n_splits=10, random_state=None, shuffle=False), n_jobs=-1
2022-09-19 21:01:48,729:INFO:Calculating mean and std
2022-09-19 21:01:48,730:INFO:Creating metrics dataframe
2022-09-19 21:01:48,769:INFO:Uploading results into container
2022-09-19 21:01:48,769:INFO:Uploading model into container now
2022-09-19 21:01:48,769:INFO:create_model_container: 1
2022-09-19 21:01:48,769:INFO:master_model_container: 1
2022-09-19 21:01:48,769:INFO:display_container: 2
2022-09-19 21:01:48,770:INFO:LogisticRegression(C=1.0, class_weight=None, dual=False, fit_intercept=True,
                   intercept_scaling=1, l1_ratio=None, max_iter=1000,
                   multi_class='auto', n_jobs=None, penalty='l2',
                   random_state=5699, solver='lbfgs', tol=0.0001, verbose=0,
                   warm_start=False)
2022-09-19 21:01:48,770:INFO:create_model() succesfully completed......................................
2022-09-19 21:01:48,846:INFO:SubProcess create_model() end ==================================
2022-09-19 21:01:48,846:INFO:Creating metrics dataframe
2022-09-19 21:01:48,866:INFO:Initializing K Neighbors Classifier
2022-09-19 21:01:48,866:INFO:Total runtime is 0.08416663010915121 minutes
2022-09-19 21:01:48,873:INFO:SubProcess create_model() called ==================================
2022-09-19 21:01:48,873:INFO:Initializing create_model()
2022-09-19 21:01:48,873:INFO:create_model(estimator=knn, fold=StratifiedKFold(n_splits=10, random_state=None, shuffle=False), round=4, cross_validation=True, predict=True, fit_kwargs={}, groups=None, refit=False, verbose=False, system=False, metrics=None, add_to_model_list=True, probability_threshold=None, display=<pycaret.internal.Display.Display object at 0x000001AF011C2340>, kwargs={})
2022-09-19 21:01:48,873:INFO:Checking exceptions
2022-09-19 21:01:48,873:INFO:Importing libraries
2022-09-19 21:01:48,873:INFO:Copying training dataset
2022-09-19 21:01:48,874:INFO:Defining folds
2022-09-19 21:01:48,874:INFO:Declaring metric variables
2022-09-19 21:01:48,883:INFO:Importing untrained model
2022-09-19 21:01:48,891:INFO:K Neighbors Classifier Imported succesfully
2022-09-19 21:01:48,906:INFO:Starting cross validation
2022-09-19 21:01:48,908:INFO:Cross validating with StratifiedKFold(n_splits=10, random_state=None, shuffle=False), n_jobs=-1
2022-09-19 21:01:48,983:INFO:Calculating mean and std
2022-09-19 21:01:48,984:INFO:Creating metrics dataframe
2022-09-19 21:01:49,011:INFO:Uploading results into container
2022-09-19 21:01:49,012:INFO:Uploading model into container now
2022-09-19 21:01:49,012:INFO:create_model_container: 2
2022-09-19 21:01:49,012:INFO:master_model_container: 2
2022-09-19 21:01:49,012:INFO:display_container: 2
2022-09-19 21:01:49,012:INFO:KNeighborsClassifier(algorithm='auto', leaf_size=30, metric='minkowski',
                     metric_params=None, n_jobs=-1, n_neighbors=5, p=2,
                     weights='uniform')
2022-09-19 21:01:49,012:INFO:create_model() succesfully completed......................................
2022-09-19 21:01:49,083:INFO:SubProcess create_model() end ==================================
2022-09-19 21:01:49,083:INFO:Creating metrics dataframe
2022-09-19 21:01:49,104:INFO:Initializing Naive Bayes
2022-09-19 21:01:49,104:INFO:Total runtime is 0.08813344240188599 minutes
2022-09-19 21:01:49,111:INFO:SubProcess create_model() called ==================================
2022-09-19 21:01:49,111:INFO:Initializing create_model()
2022-09-19 21:01:49,111:INFO:create_model(estimator=nb, fold=StratifiedKFold(n_splits=10, random_state=None, shuffle=False), round=4, cross_validation=True, predict=True, fit_kwargs={}, groups=None, refit=False, verbose=False, system=False, metrics=None, add_to_model_list=True, probability_threshold=None, display=<pycaret.internal.Display.Display object at 0x000001AF011C2340>, kwargs={})
2022-09-19 21:01:49,111:INFO:Checking exceptions
2022-09-19 21:01:49,112:INFO:Importing libraries
2022-09-19 21:01:49,112:INFO:Copying training dataset
2022-09-19 21:01:49,112:INFO:Defining folds
2022-09-19 21:01:49,112:INFO:Declaring metric variables
2022-09-19 21:01:49,120:INFO:Importing untrained model
2022-09-19 21:01:49,128:INFO:Naive Bayes Imported succesfully
2022-09-19 21:01:49,144:INFO:Starting cross validation
2022-09-19 21:01:49,145:INFO:Cross validating with StratifiedKFold(n_splits=10, random_state=None, shuffle=False), n_jobs=-1
2022-09-19 21:01:49,183:INFO:Calculating mean and std
2022-09-19 21:01:49,184:INFO:Creating metrics dataframe
2022-09-19 21:01:49,212:INFO:Uploading results into container
2022-09-19 21:01:49,212:INFO:Uploading model into container now
2022-09-19 21:01:49,212:INFO:create_model_container: 3
2022-09-19 21:01:49,212:INFO:master_model_container: 3
2022-09-19 21:01:49,212:INFO:display_container: 2
2022-09-19 21:01:49,212:INFO:GaussianNB(priors=None, var_smoothing=1e-09)
2022-09-19 21:01:49,212:INFO:create_model() succesfully completed......................................
2022-09-19 21:01:49,282:INFO:SubProcess create_model() end ==================================
2022-09-19 21:01:49,282:INFO:Creating metrics dataframe
2022-09-19 21:01:49,305:INFO:Initializing Decision Tree Classifier
2022-09-19 21:01:49,305:INFO:Total runtime is 0.09148329496383667 minutes
2022-09-19 21:01:49,313:INFO:SubProcess create_model() called ==================================
2022-09-19 21:01:49,313:INFO:Initializing create_model()
2022-09-19 21:01:49,314:INFO:create_model(estimator=dt, fold=StratifiedKFold(n_splits=10, random_state=None, shuffle=False), round=4, cross_validation=True, predict=True, fit_kwargs={}, groups=None, refit=False, verbose=False, system=False, metrics=None, add_to_model_list=True, probability_threshold=None, display=<pycaret.internal.Display.Display object at 0x000001AF011C2340>, kwargs={})
2022-09-19 21:01:49,314:INFO:Checking exceptions
2022-09-19 21:01:49,314:INFO:Importing libraries
2022-09-19 21:01:49,314:INFO:Copying training dataset
2022-09-19 21:01:49,315:INFO:Defining folds
2022-09-19 21:01:49,315:INFO:Declaring metric variables
2022-09-19 21:01:49,323:INFO:Importing untrained model
2022-09-19 21:01:49,332:INFO:Decision Tree Classifier Imported succesfully
2022-09-19 21:01:49,348:INFO:Starting cross validation
2022-09-19 21:01:49,349:INFO:Cross validating with StratifiedKFold(n_splits=10, random_state=None, shuffle=False), n_jobs=-1
2022-09-19 21:01:49,403:INFO:Calculating mean and std
2022-09-19 21:01:49,404:INFO:Creating metrics dataframe
2022-09-19 21:01:49,432:INFO:Uploading results into container
2022-09-19 21:01:49,433:INFO:Uploading model into container now
2022-09-19 21:01:49,433:INFO:create_model_container: 4
2022-09-19 21:01:49,433:INFO:master_model_container: 4
2022-09-19 21:01:49,433:INFO:display_container: 2
2022-09-19 21:01:49,433:INFO:DecisionTreeClassifier(ccp_alpha=0.0, class_weight=None, criterion='gini',
                       max_depth=None, max_features=None, max_leaf_nodes=None,
                       min_impurity_decrease=0.0, min_impurity_split=None,
                       min_samples_leaf=1, min_samples_split=2,
                       min_weight_fraction_leaf=0.0, presort='deprecated',
                       random_state=5699, splitter='best')
2022-09-19 21:01:49,433:INFO:create_model() succesfully completed......................................
2022-09-19 21:01:49,506:INFO:SubProcess create_model() end ==================================
2022-09-19 21:01:49,506:INFO:Creating metrics dataframe
2022-09-19 21:01:49,528:INFO:Initializing SVM - Linear Kernel
2022-09-19 21:01:49,528:INFO:Total runtime is 0.09519944588343303 minutes
2022-09-19 21:01:49,535:INFO:SubProcess create_model() called ==================================
2022-09-19 21:01:49,535:INFO:Initializing create_model()
2022-09-19 21:01:49,535:INFO:create_model(estimator=svm, fold=StratifiedKFold(n_splits=10, random_state=None, shuffle=False), round=4, cross_validation=True, predict=True, fit_kwargs={}, groups=None, refit=False, verbose=False, system=False, metrics=None, add_to_model_list=True, probability_threshold=None, display=<pycaret.internal.Display.Display object at 0x000001AF011C2340>, kwargs={})
2022-09-19 21:01:49,535:INFO:Checking exceptions
2022-09-19 21:01:49,536:INFO:Importing libraries
2022-09-19 21:01:49,536:INFO:Copying training dataset
2022-09-19 21:01:49,536:INFO:Defining folds
2022-09-19 21:01:49,536:INFO:Declaring metric variables
2022-09-19 21:01:49,545:INFO:Importing untrained model
2022-09-19 21:01:49,552:INFO:SVM - Linear Kernel Imported succesfully
2022-09-19 21:01:49,568:INFO:Starting cross validation
2022-09-19 21:01:49,569:INFO:Cross validating with StratifiedKFold(n_splits=10, random_state=None, shuffle=False), n_jobs=-1
2022-09-19 21:01:49,664:INFO:Calculating mean and std
2022-09-19 21:01:49,665:INFO:Creating metrics dataframe
2022-09-19 21:01:49,699:INFO:Uploading results into container
2022-09-19 21:01:49,699:INFO:Uploading model into container now
2022-09-19 21:01:49,699:INFO:create_model_container: 5
2022-09-19 21:01:49,699:INFO:master_model_container: 5
2022-09-19 21:01:49,699:INFO:display_container: 2
2022-09-19 21:01:49,700:INFO:SGDClassifier(alpha=0.0001, average=False, class_weight=None,
              early_stopping=False, epsilon=0.1, eta0=0.001, fit_intercept=True,
              l1_ratio=0.15, learning_rate='optimal', loss='hinge',
              max_iter=1000, n_iter_no_change=5, n_jobs=-1, penalty='l2',
              power_t=0.5, random_state=5699, shuffle=True, tol=0.001,
              validation_fraction=0.1, verbose=0, warm_start=False)
2022-09-19 21:01:49,700:INFO:create_model() succesfully completed......................................
2022-09-19 21:01:49,774:INFO:SubProcess create_model() end ==================================
2022-09-19 21:01:49,774:INFO:Creating metrics dataframe
2022-09-19 21:01:49,797:INFO:Initializing Ridge Classifier
2022-09-19 21:01:49,797:INFO:Total runtime is 0.09968291521072388 minutes
2022-09-19 21:01:49,805:INFO:SubProcess create_model() called ==================================
2022-09-19 21:01:49,805:INFO:Initializing create_model()
2022-09-19 21:01:49,805:INFO:create_model(estimator=ridge, fold=StratifiedKFold(n_splits=10, random_state=None, shuffle=False), round=4, cross_validation=True, predict=True, fit_kwargs={}, groups=None, refit=False, verbose=False, system=False, metrics=None, add_to_model_list=True, probability_threshold=None, display=<pycaret.internal.Display.Display object at 0x000001AF011C2340>, kwargs={})
2022-09-19 21:01:49,805:INFO:Checking exceptions
2022-09-19 21:01:49,805:INFO:Importing libraries
2022-09-19 21:01:49,805:INFO:Copying training dataset
2022-09-19 21:01:49,806:INFO:Defining folds
2022-09-19 21:01:49,807:INFO:Declaring metric variables
2022-09-19 21:01:49,816:INFO:Importing untrained model
2022-09-19 21:01:49,825:INFO:Ridge Classifier Imported succesfully
2022-09-19 21:01:49,841:INFO:Starting cross validation
2022-09-19 21:01:49,842:INFO:Cross validating with StratifiedKFold(n_splits=10, random_state=None, shuffle=False), n_jobs=-1
2022-09-19 21:01:50,022:INFO:Calculating mean and std
2022-09-19 21:01:50,023:INFO:Creating metrics dataframe
2022-09-19 21:01:50,054:INFO:Uploading results into container
2022-09-19 21:01:50,054:INFO:Uploading model into container now
2022-09-19 21:01:50,054:INFO:create_model_container: 6
2022-09-19 21:01:50,054:INFO:master_model_container: 6
2022-09-19 21:01:50,054:INFO:display_container: 2
2022-09-19 21:01:50,054:INFO:RidgeClassifier(alpha=1.0, class_weight=None, copy_X=True, fit_intercept=True,
                max_iter=None, normalize=False, random_state=5699,
                solver='auto', tol=0.001)
2022-09-19 21:01:50,055:INFO:create_model() succesfully completed......................................
2022-09-19 21:01:50,126:INFO:SubProcess create_model() end ==================================
2022-09-19 21:01:50,126:INFO:Creating metrics dataframe
2022-09-19 21:01:50,148:INFO:Initializing Random Forest Classifier
2022-09-19 21:01:50,148:INFO:Total runtime is 0.1055328885714213 minutes
2022-09-19 21:01:50,156:INFO:SubProcess create_model() called ==================================
2022-09-19 21:01:50,157:INFO:Initializing create_model()
2022-09-19 21:01:50,157:INFO:create_model(estimator=rf, fold=StratifiedKFold(n_splits=10, random_state=None, shuffle=False), round=4, cross_validation=True, predict=True, fit_kwargs={}, groups=None, refit=False, verbose=False, system=False, metrics=None, add_to_model_list=True, probability_threshold=None, display=<pycaret.internal.Display.Display object at 0x000001AF011C2340>, kwargs={})
2022-09-19 21:01:50,157:INFO:Checking exceptions
2022-09-19 21:01:50,157:INFO:Importing libraries
2022-09-19 21:01:50,157:INFO:Copying training dataset
2022-09-19 21:01:50,158:INFO:Defining folds
2022-09-19 21:01:50,158:INFO:Declaring metric variables
2022-09-19 21:01:50,167:INFO:Importing untrained model
2022-09-19 21:01:50,176:INFO:Random Forest Classifier Imported succesfully
2022-09-19 21:01:50,195:INFO:Starting cross validation
2022-09-19 21:01:50,196:INFO:Cross validating with StratifiedKFold(n_splits=10, random_state=None, shuffle=False), n_jobs=-1
2022-09-19 21:01:51,054:INFO:Calculating mean and std
2022-09-19 21:01:51,055:INFO:Creating metrics dataframe
2022-09-19 21:01:51,093:INFO:Uploading results into container
2022-09-19 21:01:51,093:INFO:Uploading model into container now
2022-09-19 21:01:51,093:INFO:create_model_container: 7
2022-09-19 21:01:51,093:INFO:master_model_container: 7
2022-09-19 21:01:51,093:INFO:display_container: 2
2022-09-19 21:01:51,093:INFO:RandomForestClassifier(bootstrap=True, ccp_alpha=0.0, class_weight=None,
                       criterion='gini', max_depth=None, max_features='auto',
                       max_leaf_nodes=None, max_samples=None,
                       min_impurity_decrease=0.0, min_impurity_split=None,
                       min_samples_leaf=1, min_samples_split=2,
                       min_weight_fraction_leaf=0.0, n_estimators=100,
                       n_jobs=-1, oob_score=False, random_state=5699, verbose=0,
                       warm_start=False)
2022-09-19 21:01:51,094:INFO:create_model() succesfully completed......................................
2022-09-19 21:01:51,174:INFO:SubProcess create_model() end ==================================
2022-09-19 21:01:51,174:INFO:Creating metrics dataframe
2022-09-19 21:01:51,198:INFO:Initializing Quadratic Discriminant Analysis
2022-09-19 21:01:51,198:INFO:Total runtime is 0.12302770614624023 minutes
2022-09-19 21:01:51,205:INFO:SubProcess create_model() called ==================================
2022-09-19 21:01:51,205:INFO:Initializing create_model()
2022-09-19 21:01:51,205:INFO:create_model(estimator=qda, fold=StratifiedKFold(n_splits=10, random_state=None, shuffle=False), round=4, cross_validation=True, predict=True, fit_kwargs={}, groups=None, refit=False, verbose=False, system=False, metrics=None, add_to_model_list=True, probability_threshold=None, display=<pycaret.internal.Display.Display object at 0x000001AF011C2340>, kwargs={})
2022-09-19 21:01:51,205:INFO:Checking exceptions
2022-09-19 21:01:51,205:INFO:Importing libraries
2022-09-19 21:01:51,205:INFO:Copying training dataset
2022-09-19 21:01:51,206:INFO:Defining folds
2022-09-19 21:01:51,206:INFO:Declaring metric variables
2022-09-19 21:01:51,214:INFO:Importing untrained model
2022-09-19 21:01:51,222:INFO:Quadratic Discriminant Analysis Imported succesfully
2022-09-19 21:01:51,238:INFO:Starting cross validation
2022-09-19 21:01:51,238:INFO:Cross validating with StratifiedKFold(n_splits=10, random_state=None, shuffle=False), n_jobs=-1
2022-09-19 21:01:51,345:INFO:Calculating mean and std
2022-09-19 21:01:51,346:INFO:Creating metrics dataframe
2022-09-19 21:01:51,393:INFO:Uploading results into container
2022-09-19 21:01:51,393:INFO:Uploading model into container now
2022-09-19 21:01:51,393:INFO:create_model_container: 8
2022-09-19 21:01:51,393:INFO:master_model_container: 8
2022-09-19 21:01:51,393:INFO:display_container: 2
2022-09-19 21:01:51,393:INFO:QuadraticDiscriminantAnalysis(priors=None, reg_param=0.0,
                              store_covariance=False, tol=0.0001)
2022-09-19 21:01:51,393:INFO:create_model() succesfully completed......................................
2022-09-19 21:01:51,465:INFO:SubProcess create_model() end ==================================
2022-09-19 21:01:51,465:INFO:Creating metrics dataframe
2022-09-19 21:01:51,487:INFO:Initializing Ada Boost Classifier
2022-09-19 21:01:51,487:INFO:Total runtime is 0.12784432967503864 minutes
2022-09-19 21:01:51,495:INFO:SubProcess create_model() called ==================================
2022-09-19 21:01:51,496:INFO:Initializing create_model()
2022-09-19 21:01:51,496:INFO:create_model(estimator=ada, fold=StratifiedKFold(n_splits=10, random_state=None, shuffle=False), round=4, cross_validation=True, predict=True, fit_kwargs={}, groups=None, refit=False, verbose=False, system=False, metrics=None, add_to_model_list=True, probability_threshold=None, display=<pycaret.internal.Display.Display object at 0x000001AF011C2340>, kwargs={})
2022-09-19 21:01:51,496:INFO:Checking exceptions
2022-09-19 21:01:51,496:INFO:Importing libraries
2022-09-19 21:01:51,496:INFO:Copying training dataset
2022-09-19 21:01:51,497:INFO:Defining folds
2022-09-19 21:01:51,497:INFO:Declaring metric variables
2022-09-19 21:01:51,505:INFO:Importing untrained model
2022-09-19 21:01:51,514:INFO:Ada Boost Classifier Imported succesfully
2022-09-19 21:01:51,533:INFO:Starting cross validation
2022-09-19 21:01:51,533:INFO:Cross validating with StratifiedKFold(n_splits=10, random_state=None, shuffle=False), n_jobs=-1
2022-09-19 21:01:52,022:INFO:Calculating mean and std
2022-09-19 21:01:52,023:INFO:Creating metrics dataframe
2022-09-19 21:01:52,053:INFO:Uploading results into container
2022-09-19 21:01:52,053:INFO:Uploading model into container now
2022-09-19 21:01:52,053:INFO:create_model_container: 9
2022-09-19 21:01:52,053:INFO:master_model_container: 9
2022-09-19 21:01:52,053:INFO:display_container: 2
2022-09-19 21:01:52,053:INFO:AdaBoostClassifier(algorithm='SAMME.R', base_estimator=None, learning_rate=1.0,
                   n_estimators=50, random_state=5699)
2022-09-19 21:01:52,053:INFO:create_model() succesfully completed......................................
2022-09-19 21:01:52,126:INFO:SubProcess create_model() end ==================================
2022-09-19 21:01:52,126:INFO:Creating metrics dataframe
2022-09-19 21:01:52,152:INFO:Initializing Gradient Boosting Classifier
2022-09-19 21:01:52,152:INFO:Total runtime is 0.13892711798350016 minutes
2022-09-19 21:01:52,160:INFO:SubProcess create_model() called ==================================
2022-09-19 21:01:52,160:INFO:Initializing create_model()
2022-09-19 21:01:52,160:INFO:create_model(estimator=gbc, fold=StratifiedKFold(n_splits=10, random_state=None, shuffle=False), round=4, cross_validation=True, predict=True, fit_kwargs={}, groups=None, refit=False, verbose=False, system=False, metrics=None, add_to_model_list=True, probability_threshold=None, display=<pycaret.internal.Display.Display object at 0x000001AF011C2340>, kwargs={})
2022-09-19 21:01:52,160:INFO:Checking exceptions
2022-09-19 21:01:52,161:INFO:Importing libraries
2022-09-19 21:01:52,161:INFO:Copying training dataset
2022-09-19 21:01:52,161:INFO:Defining folds
2022-09-19 21:01:52,162:INFO:Declaring metric variables
2022-09-19 21:01:52,173:INFO:Importing untrained model
2022-09-19 21:01:52,183:INFO:Gradient Boosting Classifier Imported succesfully
2022-09-19 21:01:52,200:INFO:Starting cross validation
2022-09-19 21:01:52,201:INFO:Cross validating with StratifiedKFold(n_splits=10, random_state=None, shuffle=False), n_jobs=-1
2022-09-19 21:01:53,326:INFO:Calculating mean and std
2022-09-19 21:01:53,327:INFO:Creating metrics dataframe
2022-09-19 21:01:53,355:INFO:Uploading results into container
2022-09-19 21:01:53,355:INFO:Uploading model into container now
2022-09-19 21:01:53,355:INFO:create_model_container: 10
2022-09-19 21:01:53,355:INFO:master_model_container: 10
2022-09-19 21:01:53,355:INFO:display_container: 2
2022-09-19 21:01:53,356:INFO:GradientBoostingClassifier(ccp_alpha=0.0, criterion='friedman_mse', init=None,
                           learning_rate=0.1, loss='deviance', max_depth=3,
                           max_features=None, max_leaf_nodes=None,
                           min_impurity_decrease=0.0, min_impurity_split=None,
                           min_samples_leaf=1, min_samples_split=2,
                           min_weight_fraction_leaf=0.0, n_estimators=100,
                           n_iter_no_change=None, presort='deprecated',
                           random_state=5699, subsample=1.0, tol=0.0001,
                           validation_fraction=0.1, verbose=0,
                           warm_start=False)
2022-09-19 21:01:53,356:INFO:create_model() succesfully completed......................................
2022-09-19 21:01:53,426:INFO:SubProcess create_model() end ==================================
2022-09-19 21:01:53,427:INFO:Creating metrics dataframe
2022-09-19 21:01:53,453:INFO:Initializing Linear Discriminant Analysis
2022-09-19 21:01:53,453:INFO:Total runtime is 0.16061062415440877 minutes
2022-09-19 21:01:53,460:INFO:SubProcess create_model() called ==================================
2022-09-19 21:01:53,461:INFO:Initializing create_model()
2022-09-19 21:01:53,461:INFO:create_model(estimator=lda, fold=StratifiedKFold(n_splits=10, random_state=None, shuffle=False), round=4, cross_validation=True, predict=True, fit_kwargs={}, groups=None, refit=False, verbose=False, system=False, metrics=None, add_to_model_list=True, probability_threshold=None, display=<pycaret.internal.Display.Display object at 0x000001AF011C2340>, kwargs={})
2022-09-19 21:01:53,461:INFO:Checking exceptions
2022-09-19 21:01:53,461:INFO:Importing libraries
2022-09-19 21:01:53,461:INFO:Copying training dataset
2022-09-19 21:01:53,462:INFO:Defining folds
2022-09-19 21:01:53,462:INFO:Declaring metric variables
2022-09-19 21:01:53,470:INFO:Importing untrained model
2022-09-19 21:01:53,478:INFO:Linear Discriminant Analysis Imported succesfully
2022-09-19 21:01:53,495:INFO:Starting cross validation
2022-09-19 21:01:53,497:INFO:Cross validating with StratifiedKFold(n_splits=10, random_state=None, shuffle=False), n_jobs=-1
2022-09-19 21:01:53,552:INFO:Calculating mean and std
2022-09-19 21:01:53,553:INFO:Creating metrics dataframe
2022-09-19 21:01:53,585:INFO:Uploading results into container
2022-09-19 21:01:53,585:INFO:Uploading model into container now
2022-09-19 21:01:53,585:INFO:create_model_container: 11
2022-09-19 21:01:53,585:INFO:master_model_container: 11
2022-09-19 21:01:53,585:INFO:display_container: 2
2022-09-19 21:01:53,585:INFO:LinearDiscriminantAnalysis(n_components=None, priors=None, shrinkage=None,
                           solver='svd', store_covariance=False, tol=0.0001)
2022-09-19 21:01:53,585:INFO:create_model() succesfully completed......................................
2022-09-19 21:01:53,657:INFO:SubProcess create_model() end ==================================
2022-09-19 21:01:53,657:INFO:Creating metrics dataframe
2022-09-19 21:01:53,681:INFO:Initializing Extra Trees Classifier
2022-09-19 21:01:53,681:INFO:Total runtime is 0.1644106388092041 minutes
2022-09-19 21:01:53,690:INFO:SubProcess create_model() called ==================================
2022-09-19 21:01:53,690:INFO:Initializing create_model()
2022-09-19 21:01:53,691:INFO:create_model(estimator=et, fold=StratifiedKFold(n_splits=10, random_state=None, shuffle=False), round=4, cross_validation=True, predict=True, fit_kwargs={}, groups=None, refit=False, verbose=False, system=False, metrics=None, add_to_model_list=True, probability_threshold=None, display=<pycaret.internal.Display.Display object at 0x000001AF011C2340>, kwargs={})
2022-09-19 21:01:53,691:INFO:Checking exceptions
2022-09-19 21:01:53,691:INFO:Importing libraries
2022-09-19 21:01:53,691:INFO:Copying training dataset
2022-09-19 21:01:53,692:INFO:Defining folds
2022-09-19 21:01:53,692:INFO:Declaring metric variables
2022-09-19 21:01:53,700:INFO:Importing untrained model
2022-09-19 21:01:53,710:INFO:Extra Trees Classifier Imported succesfully
2022-09-19 21:01:53,728:INFO:Starting cross validation
2022-09-19 21:01:53,729:INFO:Cross validating with StratifiedKFold(n_splits=10, random_state=None, shuffle=False), n_jobs=-1
2022-09-19 21:01:54,404:INFO:Calculating mean and std
2022-09-19 21:01:54,405:INFO:Creating metrics dataframe
2022-09-19 21:01:54,436:INFO:Uploading results into container
2022-09-19 21:01:54,436:INFO:Uploading model into container now
2022-09-19 21:01:54,436:INFO:create_model_container: 12
2022-09-19 21:01:54,436:INFO:master_model_container: 12
2022-09-19 21:01:54,436:INFO:display_container: 2
2022-09-19 21:01:54,437:INFO:ExtraTreesClassifier(bootstrap=False, ccp_alpha=0.0, class_weight=None,
                     criterion='gini', max_depth=None, max_features='auto',
                     max_leaf_nodes=None, max_samples=None,
                     min_impurity_decrease=0.0, min_impurity_split=None,
                     min_samples_leaf=1, min_samples_split=2,
                     min_weight_fraction_leaf=0.0, n_estimators=100, n_jobs=-1,
                     oob_score=False, random_state=5699, verbose=0,
                     warm_start=False)
2022-09-19 21:01:54,437:INFO:create_model() succesfully completed......................................
2022-09-19 21:01:54,511:INFO:SubProcess create_model() end ==================================
2022-09-19 21:01:54,511:INFO:Creating metrics dataframe
2022-09-19 21:01:54,535:INFO:Initializing Extreme Gradient Boosting
2022-09-19 21:01:54,535:INFO:Total runtime is 0.17864433129628499 minutes
2022-09-19 21:01:54,542:INFO:SubProcess create_model() called ==================================
2022-09-19 21:01:54,543:INFO:Initializing create_model()
2022-09-19 21:01:54,543:INFO:create_model(estimator=xgboost, fold=StratifiedKFold(n_splits=10, random_state=None, shuffle=False), round=4, cross_validation=True, predict=True, fit_kwargs={}, groups=None, refit=False, verbose=False, system=False, metrics=None, add_to_model_list=True, probability_threshold=None, display=<pycaret.internal.Display.Display object at 0x000001AF011C2340>, kwargs={})
2022-09-19 21:01:54,543:INFO:Checking exceptions
2022-09-19 21:01:54,543:INFO:Importing libraries
2022-09-19 21:01:54,543:INFO:Copying training dataset
2022-09-19 21:01:54,544:INFO:Defining folds
2022-09-19 21:01:54,544:INFO:Declaring metric variables
2022-09-19 21:01:54,551:INFO:Importing untrained model
2022-09-19 21:01:54,560:INFO:Extreme Gradient Boosting Imported succesfully
2022-09-19 21:01:54,579:INFO:Starting cross validation
2022-09-19 21:01:54,581:INFO:Cross validating with StratifiedKFold(n_splits=10, random_state=None, shuffle=False), n_jobs=-1
2022-09-19 21:01:55,025:INFO:Calculating mean and std
2022-09-19 21:01:55,026:INFO:Creating metrics dataframe
2022-09-19 21:01:55,055:INFO:Uploading results into container
2022-09-19 21:01:55,055:INFO:Uploading model into container now
2022-09-19 21:01:55,056:INFO:create_model_container: 13
2022-09-19 21:01:55,056:INFO:master_model_container: 13
2022-09-19 21:01:55,056:INFO:display_container: 2
2022-09-19 21:01:55,056:INFO:XGBClassifier(base_score=None, booster='gbtree', callbacks=None,
              colsample_bylevel=None, colsample_bynode=None,
              colsample_bytree=None, early_stopping_rounds=None,
              enable_categorical=False, eval_metric=None, gamma=None,
              gpu_id=None, grow_policy=None, importance_type=None,
              interaction_constraints=None, learning_rate=None, max_bin=None,
              max_cat_to_onehot=None, max_delta_step=None, max_depth=None,
              max_leaves=None, min_child_weight=None, missing=nan,
              monotone_constraints=None, n_estimators=100, n_jobs=-1,
              num_parallel_tree=None, objective='binary:logistic',
              predictor=None, random_state=5699, reg_alpha=None, ...)
2022-09-19 21:01:55,057:INFO:create_model() succesfully completed......................................
2022-09-19 21:01:55,128:INFO:SubProcess create_model() end ==================================
2022-09-19 21:01:55,129:INFO:Creating metrics dataframe
2022-09-19 21:01:55,152:INFO:Initializing Light Gradient Boosting Machine
2022-09-19 21:01:55,152:INFO:Total runtime is 0.1889276663462321 minutes
2022-09-19 21:01:55,159:INFO:SubProcess create_model() called ==================================
2022-09-19 21:01:55,159:INFO:Initializing create_model()
2022-09-19 21:01:55,159:INFO:create_model(estimator=lightgbm, fold=StratifiedKFold(n_splits=10, random_state=None, shuffle=False), round=4, cross_validation=True, predict=True, fit_kwargs={}, groups=None, refit=False, verbose=False, system=False, metrics=None, add_to_model_list=True, probability_threshold=None, display=<pycaret.internal.Display.Display object at 0x000001AF011C2340>, kwargs={})
2022-09-19 21:01:55,159:INFO:Checking exceptions
2022-09-19 21:01:55,159:INFO:Importing libraries
2022-09-19 21:01:55,159:INFO:Copying training dataset
2022-09-19 21:01:55,160:INFO:Defining folds
2022-09-19 21:01:55,160:INFO:Declaring metric variables
2022-09-19 21:01:55,167:INFO:Importing untrained model
2022-09-19 21:01:55,176:INFO:Light Gradient Boosting Machine Imported succesfully
2022-09-19 21:01:55,193:INFO:Starting cross validation
2022-09-19 21:01:55,194:INFO:Cross validating with StratifiedKFold(n_splits=10, random_state=None, shuffle=False), n_jobs=-1
2022-09-19 21:01:56,470:INFO:Calculating mean and std
2022-09-19 21:01:56,471:INFO:Creating metrics dataframe
2022-09-19 21:01:56,503:INFO:Uploading results into container
2022-09-19 21:01:56,503:INFO:Uploading model into container now
2022-09-19 21:01:56,503:INFO:create_model_container: 14
2022-09-19 21:01:56,503:INFO:master_model_container: 14
2022-09-19 21:01:56,503:INFO:display_container: 2
2022-09-19 21:01:56,504:INFO:LGBMClassifier(boosting_type='gbdt', class_weight=None, colsample_bytree=1.0,
               importance_type='split', learning_rate=0.1, max_depth=-1,
               min_child_samples=20, min_child_weight=0.001, min_split_gain=0.0,
               n_estimators=100, n_jobs=-1, num_leaves=31, objective=None,
               random_state=5699, reg_alpha=0.0, reg_lambda=0.0, silent='warn',
               subsample=1.0, subsample_for_bin=200000, subsample_freq=0)
2022-09-19 21:01:56,504:INFO:create_model() succesfully completed......................................
2022-09-19 21:01:56,593:INFO:SubProcess create_model() end ==================================
2022-09-19 21:01:56,594:INFO:Creating metrics dataframe
2022-09-19 21:01:56,623:INFO:Initializing Dummy Classifier
2022-09-19 21:01:56,623:INFO:Total runtime is 0.21344380776087443 minutes
2022-09-19 21:01:56,631:INFO:SubProcess create_model() called ==================================
2022-09-19 21:01:56,631:INFO:Initializing create_model()
2022-09-19 21:01:56,631:INFO:create_model(estimator=dummy, fold=StratifiedKFold(n_splits=10, random_state=None, shuffle=False), round=4, cross_validation=True, predict=True, fit_kwargs={}, groups=None, refit=False, verbose=False, system=False, metrics=None, add_to_model_list=True, probability_threshold=None, display=<pycaret.internal.Display.Display object at 0x000001AF011C2340>, kwargs={})
2022-09-19 21:01:56,632:INFO:Checking exceptions
2022-09-19 21:01:56,632:INFO:Importing libraries
2022-09-19 21:01:56,632:INFO:Copying training dataset
2022-09-19 21:01:56,633:INFO:Defining folds
2022-09-19 21:01:56,633:INFO:Declaring metric variables
2022-09-19 21:01:56,641:INFO:Importing untrained model
2022-09-19 21:01:56,651:INFO:Dummy Classifier Imported succesfully
2022-09-19 21:01:56,670:INFO:Starting cross validation
2022-09-19 21:01:56,671:INFO:Cross validating with StratifiedKFold(n_splits=10, random_state=None, shuffle=False), n_jobs=-1
2022-09-19 21:01:56,712:INFO:Calculating mean and std
2022-09-19 21:01:56,713:INFO:Creating metrics dataframe
2022-09-19 21:01:56,744:INFO:Uploading results into container
2022-09-19 21:01:56,744:INFO:Uploading model into container now
2022-09-19 21:01:56,745:INFO:create_model_container: 15
2022-09-19 21:01:56,745:INFO:master_model_container: 15
2022-09-19 21:01:56,745:INFO:display_container: 2
2022-09-19 21:01:56,745:INFO:DummyClassifier(constant=None, random_state=5699, strategy='prior')
2022-09-19 21:01:56,745:INFO:create_model() succesfully completed......................................
2022-09-19 21:01:56,818:INFO:SubProcess create_model() end ==================================
2022-09-19 21:01:56,819:INFO:Creating metrics dataframe
2022-09-19 21:01:56,859:INFO:Initializing create_model()
2022-09-19 21:01:56,859:INFO:create_model(estimator=RandomForestClassifier(bootstrap=True, ccp_alpha=0.0, class_weight=None,
                       criterion='gini', max_depth=None, max_features='auto',
                       max_leaf_nodes=None, max_samples=None,
                       min_impurity_decrease=0.0, min_impurity_split=None,
                       min_samples_leaf=1, min_samples_split=2,
                       min_weight_fraction_leaf=0.0, n_estimators=100,
                       n_jobs=-1, oob_score=False, random_state=5699, verbose=0,
                       warm_start=False), fold=StratifiedKFold(n_splits=10, random_state=None, shuffle=False), round=4, cross_validation=False, predict=False, fit_kwargs={}, groups=None, refit=True, verbose=False, system=False, metrics=None, add_to_model_list=True, probability_threshold=None, display=None, kwargs={})
2022-09-19 21:01:56,859:INFO:Checking exceptions
2022-09-19 21:01:56,859:INFO:Importing libraries
2022-09-19 21:01:56,859:INFO:Copying training dataset
2022-09-19 21:01:56,860:INFO:Defining folds
2022-09-19 21:01:56,860:INFO:Declaring metric variables
2022-09-19 21:01:56,860:INFO:Importing untrained model
2022-09-19 21:01:56,860:INFO:Declaring custom model
2022-09-19 21:01:56,861:INFO:Random Forest Classifier Imported succesfully
2022-09-19 21:01:56,862:INFO:Cross validation set to False
2022-09-19 21:01:56,862:INFO:Fitting Model
2022-09-19 21:01:57,072:INFO:RandomForestClassifier(bootstrap=True, ccp_alpha=0.0, class_weight=None,
                       criterion='gini', max_depth=None, max_features='auto',
                       max_leaf_nodes=None, max_samples=None,
                       min_impurity_decrease=0.0, min_impurity_split=None,
                       min_samples_leaf=1, min_samples_split=2,
                       min_weight_fraction_leaf=0.0, n_estimators=100,
                       n_jobs=-1, oob_score=False, random_state=5699, verbose=0,
                       warm_start=False)
2022-09-19 21:01:57,072:INFO:create_models() succesfully completed......................................
2022-09-19 21:01:57,171:INFO:create_model_container: 15
2022-09-19 21:01:57,171:INFO:master_model_container: 15
2022-09-19 21:01:57,171:INFO:display_container: 2
2022-09-19 21:01:57,172:INFO:RandomForestClassifier(bootstrap=True, ccp_alpha=0.0, class_weight=None,
                       criterion='gini', max_depth=None, max_features='auto',
                       max_leaf_nodes=None, max_samples=None,
                       min_impurity_decrease=0.0, min_impurity_split=None,
                       min_samples_leaf=1, min_samples_split=2,
                       min_weight_fraction_leaf=0.0, n_estimators=100,
                       n_jobs=-1, oob_score=False, random_state=5699, verbose=0,
                       warm_start=False)
2022-09-19 21:01:57,172:INFO:compare_models() succesfully completed......................................
2022-09-19 21:07:47,634:INFO:PyCaret Supervised Module
2022-09-19 21:07:47,634:INFO:ML Usecase: classification
2022-09-19 21:07:47,634:INFO:version 2.3.6
2022-09-19 21:07:47,634:INFO:Initializing setup()
2022-09-19 21:07:47,634:INFO:setup(target=Class, ml_usecase=classification, available_plots={'parameter': 'Hyperparameters', 'auc': 'AUC', 'confusion_matrix': 'Confusion Matrix', 'threshold': 'Threshold', 'pr': 'Precision Recall', 'error': 'Prediction Error', 'class_report': 'Class Report', 'rfe': 'Feature Selection', 'learning': 'Learning Curve', 'manifold': 'Manifold Learning', 'calibration': 'Calibration Curve', 'vc': 'Validation Curve', 'dimension': 'Dimensions', 'feature': 'Feature Importance', 'feature_all': 'Feature Importance (All)', 'boundary': 'Decision Boundary', 'lift': 'Lift Chart', 'gain': 'Gain Chart', 'tree': 'Decision Tree', 'ks': 'KS Statistic Plot'}, train_size=0.7, test_data=None, preprocess=True, imputation_type=simple, iterative_imputation_iters=5, categorical_features=None, categorical_imputation=constant, categorical_iterative_imputer=lightgbm, ordinal_features=None, high_cardinality_features=None, high_cardinality_method=frequency, numeric_features=None, numeric_imputation=mean, numeric_iterative_imputer=lightgbm, date_features=None, ignore_features=None, normalize=False, normalize_method=zscore, transformation=False, transformation_method=yeo-johnson, handle_unknown_categorical=True, unknown_categorical_method=least_frequent, pca=False, pca_method=linear, pca_components=None, ignore_low_variance=False, combine_rare_levels=False, rare_level_threshold=0.1, bin_numeric_features=None, remove_outliers=False, outliers_threshold=0.05, remove_multicollinearity=False, multicollinearity_threshold=0.9, remove_perfect_collinearity=True, create_clusters=False, cluster_iter=20, polynomial_features=False, polynomial_degree=2, trigonometry_features=False, polynomial_threshold=0.1, group_features=None, group_names=None, feature_selection=False, feature_selection_threshold=0.8, feature_selection_method=classic, feature_interaction=False, feature_ratio=False, interaction_threshold=0.01, fix_imbalance=False, fix_imbalance_method=None, transform_target=False, transform_target_method=box-cox, data_split_shuffle=True, data_split_stratify=False, fold_strategy=stratifiedkfold, fold=10, fold_shuffle=False, fold_groups=None, n_jobs=-1, use_gpu=False, custom_pipeline=None, html=True, session_id=None, log_experiment=False, experiment_name=None, log_plots=False, log_profile=False, log_data=False, silent=False, verbose=True, profile=False, profile_kwargs=None, display=None)
2022-09-19 21:07:47,634:INFO:Checking environment
2022-09-19 21:07:47,634:INFO:python_version: 3.8.12
2022-09-19 21:07:47,635:INFO:python_build: ('default', 'Oct 12 2021 03:01:40')
2022-09-19 21:07:47,635:INFO:machine: AMD64
2022-09-19 21:07:47,635:INFO:platform: Windows-10-10.0.19044-SP0
2022-09-19 21:07:47,637:WARNING:cannot find psutil installation. memory not traceable. Install psutil using pip to enable memory logging.
2022-09-19 21:07:47,637:INFO:Checking libraries
2022-09-19 21:07:47,637:INFO:pd==1.4.0
2022-09-19 21:07:47,637:INFO:numpy==1.19.5
2022-09-19 21:07:47,637:INFO:sklearn==0.23.2
2022-09-19 21:07:47,637:INFO:lightgbm==3.3.2
2022-09-19 21:07:47,638:WARNING:catboost not found
2022-09-19 21:07:47,638:INFO:xgboost==1.6.2
2022-09-19 21:07:47,638:INFO:mlflow==1.23.1
2022-09-19 21:07:47,638:INFO:Checking Exceptions
2022-09-19 21:07:47,639:INFO:Declaring global variables
2022-09-19 21:07:47,639:INFO:USI: 3eef
2022-09-19 21:07:47,639:INFO:pycaret_globals: {'pycaret_globals', 'imputation_classifier', 'y_train', 'X_train', '_internal_pipeline', '_ml_usecase', 'display_container', 'log_plots_param', 'logging_param', 'seed', 'fold_generator', 'X_test', 'transform_target_method_param', 'y', 'prep_pipe', 'fold_groups_param_full', 'create_model_container', 'exp_name_log', 'fold_groups_param', 'transform_target_param', '_all_models', 'fold_shuffle_param', 'fix_imbalance_param', 'html_param', 'imputation_regressor', 'n_jobs_param', '_gpu_n_jobs_param', 'data_before_preprocess', 'fix_imbalance_method_param', '_all_models_internal', 'X', 'fold_param', 'target_param', 'gpu_param', 'y_test', 'stratify_param', '_all_metrics', '_available_plots', 'USI', 'iterative_imputation_iters_param', 'experiment__', 'master_model_container'}
2022-09-19 21:07:47,639:INFO:Preparing display monitor
2022-09-19 21:07:47,639:INFO:Preparing display monitor
2022-09-19 21:07:47,652:INFO:Importing libraries
2022-09-19 21:07:47,652:INFO:Copying data for preprocessing
2022-09-19 21:07:47,661:INFO:Declaring preprocessing parameters
2022-09-19 21:07:47,662:INFO:Creating preprocessing pipeline
2022-09-19 21:07:47,677:INFO:Preprocessing pipeline created successfully
2022-09-19 21:07:47,677:ERROR:(Process Exit): setup has been interupted with user command 'quit'. setup must rerun.
2022-09-19 21:07:47,677:INFO:Creating global containers
2022-09-19 21:07:47,678:INFO:Internal pipeline: Pipeline(memory=None, steps=[('empty_step', 'passthrough')], verbose=False)
2022-09-19 21:07:49,142:WARNING:Couldn't import catboost.CatBoostClassifier
2022-09-19 21:07:49,217:WARNING:Couldn't import catboost.CatBoostClassifier
2022-09-19 21:07:49,218:INFO:Creating grid variables
2022-09-19 21:07:49,229:INFO:create_model_container: 0
2022-09-19 21:07:49,229:INFO:master_model_container: 0
2022-09-19 21:07:49,229:INFO:display_container: 1
2022-09-19 21:07:49,234:INFO:Pipeline(memory=None,
         steps=[('dtypes',
                 DataTypes_Auto_infer(categorical_features=[],
                                      display_types=True, features_todrop=[],
                                      id_columns=[],
                                      ml_usecase='classification',
                                      numerical_features=[], target='Class',
                                      time_features=[])),
                ('imputer',
                 Simple_Imputer(categorical_strategy='not_available',
                                fill_value_categorical=None,
                                fill_value_numerical=None,
                                numeric_strate...
                ('scaling', 'passthrough'), ('P_transform', 'passthrough'),
                ('binn', 'passthrough'), ('rem_outliers', 'passthrough'),
                ('cluster_all', 'passthrough'),
                ('dummy', Dummify(target='Class')),
                ('fix_perfect', Remove_100(target='Class')),
                ('clean_names', Clean_Colum_Names()),
                ('feature_select', 'passthrough'), ('fix_multi', 'passthrough'),
                ('dfs', 'passthrough'), ('pca', 'passthrough')],
         verbose=False)
2022-09-19 21:07:49,234:INFO:setup() succesfully completed......................................
2022-09-19 21:07:49,318:INFO:Initializing compare_models()
2022-09-19 21:07:49,319:INFO:compare_models(include=None, fold=None, round=4, cross_validation=True, sort=Accuracy, n_select=1, budget_time=None, turbo=True, errors=ignore, fit_kwargs=None, groups=None, probability_threshold=None, verbose=True, display=None, exclude=None)
2022-09-19 21:07:49,319:INFO:Checking exceptions
2022-09-19 21:07:49,319:INFO:Preparing display monitor
2022-09-19 21:07:49,319:INFO:Preparing display monitor
2022-09-19 21:07:49,347:INFO:Initializing Logistic Regression
2022-09-19 21:07:49,348:INFO:Total runtime is 1.666545867919922e-05 minutes
2022-09-19 21:07:49,357:INFO:SubProcess create_model() called ==================================
2022-09-19 21:07:49,358:INFO:Initializing create_model()
2022-09-19 21:07:49,358:INFO:create_model(estimator=lr, fold=StratifiedKFold(n_splits=10, random_state=None, shuffle=False), round=4, cross_validation=True, predict=True, fit_kwargs={}, groups=None, refit=False, verbose=False, system=False, metrics=None, add_to_model_list=True, probability_threshold=None, display=<pycaret.internal.Display.Display object at 0x000001AF6B4F5F40>, kwargs={})
2022-09-19 21:07:49,358:INFO:Checking exceptions
2022-09-19 21:07:49,358:INFO:Importing libraries
2022-09-19 21:07:49,358:INFO:Copying training dataset
2022-09-19 21:07:49,360:INFO:Defining folds
2022-09-19 21:07:49,360:INFO:Declaring metric variables
2022-09-19 21:07:49,367:INFO:Importing untrained model
2022-09-19 21:07:49,374:INFO:Logistic Regression Imported succesfully
2022-09-19 21:07:49,391:INFO:Starting cross validation
2022-09-19 21:07:49,392:INFO:Cross validating with StratifiedKFold(n_splits=10, random_state=None, shuffle=False), n_jobs=-1
2022-09-19 21:07:54,248:INFO:Calculating mean and std
2022-09-19 21:07:54,249:INFO:Creating metrics dataframe
2022-09-19 21:07:54,283:INFO:Uploading results into container
2022-09-19 21:07:54,283:INFO:Uploading model into container now
2022-09-19 21:07:54,283:INFO:create_model_container: 1
2022-09-19 21:07:54,283:INFO:master_model_container: 1
2022-09-19 21:07:54,283:INFO:display_container: 2
2022-09-19 21:07:54,284:INFO:LogisticRegression(C=1.0, class_weight=None, dual=False, fit_intercept=True,
                   intercept_scaling=1, l1_ratio=None, max_iter=1000,
                   multi_class='auto', n_jobs=None, penalty='l2',
                   random_state=290, solver='lbfgs', tol=0.0001, verbose=0,
                   warm_start=False)
2022-09-19 21:07:54,284:INFO:create_model() succesfully completed......................................
2022-09-19 21:07:54,372:INFO:SubProcess create_model() end ==================================
2022-09-19 21:07:54,372:INFO:Creating metrics dataframe
2022-09-19 21:07:54,396:INFO:Initializing K Neighbors Classifier
2022-09-19 21:07:54,396:INFO:Total runtime is 0.08415044148763022 minutes
2022-09-19 21:07:54,404:INFO:SubProcess create_model() called ==================================
2022-09-19 21:07:54,404:INFO:Initializing create_model()
2022-09-19 21:07:54,404:INFO:create_model(estimator=knn, fold=StratifiedKFold(n_splits=10, random_state=None, shuffle=False), round=4, cross_validation=True, predict=True, fit_kwargs={}, groups=None, refit=False, verbose=False, system=False, metrics=None, add_to_model_list=True, probability_threshold=None, display=<pycaret.internal.Display.Display object at 0x000001AF6B4F5F40>, kwargs={})
2022-09-19 21:07:54,404:INFO:Checking exceptions
2022-09-19 21:07:54,404:INFO:Importing libraries
2022-09-19 21:07:54,404:INFO:Copying training dataset
2022-09-19 21:07:54,405:INFO:Defining folds
2022-09-19 21:07:54,405:INFO:Declaring metric variables
2022-09-19 21:07:54,414:INFO:Importing untrained model
2022-09-19 21:07:54,422:INFO:K Neighbors Classifier Imported succesfully
2022-09-19 21:07:54,438:INFO:Starting cross validation
2022-09-19 21:07:54,439:INFO:Cross validating with StratifiedKFold(n_splits=10, random_state=None, shuffle=False), n_jobs=-1
2022-09-19 21:07:54,530:INFO:Calculating mean and std
2022-09-19 21:07:54,531:INFO:Creating metrics dataframe
2022-09-19 21:07:54,557:INFO:Uploading results into container
2022-09-19 21:07:54,558:INFO:Uploading model into container now
2022-09-19 21:07:54,558:INFO:create_model_container: 2
2022-09-19 21:07:54,558:INFO:master_model_container: 2
2022-09-19 21:07:54,558:INFO:display_container: 2
2022-09-19 21:07:54,558:INFO:KNeighborsClassifier(algorithm='auto', leaf_size=30, metric='minkowski',
                     metric_params=None, n_jobs=-1, n_neighbors=5, p=2,
                     weights='uniform')
2022-09-19 21:07:54,558:INFO:create_model() succesfully completed......................................
2022-09-19 21:07:54,644:INFO:SubProcess create_model() end ==================================
2022-09-19 21:07:54,644:INFO:Creating metrics dataframe
2022-09-19 21:07:54,669:INFO:Initializing Naive Bayes
2022-09-19 21:07:54,669:INFO:Total runtime is 0.08869998455047609 minutes
2022-09-19 21:07:54,677:INFO:SubProcess create_model() called ==================================
2022-09-19 21:07:54,678:INFO:Initializing create_model()
2022-09-19 21:07:54,678:INFO:create_model(estimator=nb, fold=StratifiedKFold(n_splits=10, random_state=None, shuffle=False), round=4, cross_validation=True, predict=True, fit_kwargs={}, groups=None, refit=False, verbose=False, system=False, metrics=None, add_to_model_list=True, probability_threshold=None, display=<pycaret.internal.Display.Display object at 0x000001AF6B4F5F40>, kwargs={})
2022-09-19 21:07:54,678:INFO:Checking exceptions
2022-09-19 21:07:54,678:INFO:Importing libraries
2022-09-19 21:07:54,678:INFO:Copying training dataset
2022-09-19 21:07:54,678:INFO:Defining folds
2022-09-19 21:07:54,679:INFO:Declaring metric variables
2022-09-19 21:07:54,687:INFO:Importing untrained model
2022-09-19 21:07:54,696:INFO:Naive Bayes Imported succesfully
2022-09-19 21:07:54,714:INFO:Starting cross validation
2022-09-19 21:07:54,715:INFO:Cross validating with StratifiedKFold(n_splits=10, random_state=None, shuffle=False), n_jobs=-1
2022-09-19 21:07:54,754:INFO:Calculating mean and std
2022-09-19 21:07:54,755:INFO:Creating metrics dataframe
2022-09-19 21:07:54,785:INFO:Uploading results into container
2022-09-19 21:07:54,785:INFO:Uploading model into container now
2022-09-19 21:07:54,785:INFO:create_model_container: 3
2022-09-19 21:07:54,785:INFO:master_model_container: 3
2022-09-19 21:07:54,786:INFO:display_container: 2
2022-09-19 21:07:54,786:INFO:GaussianNB(priors=None, var_smoothing=1e-09)
2022-09-19 21:07:54,786:INFO:create_model() succesfully completed......................................
2022-09-19 21:07:54,857:INFO:SubProcess create_model() end ==================================
2022-09-19 21:07:54,857:INFO:Creating metrics dataframe
2022-09-19 21:07:54,881:INFO:Initializing Decision Tree Classifier
2022-09-19 21:07:54,881:INFO:Total runtime is 0.09223374525705975 minutes
2022-09-19 21:07:54,888:INFO:SubProcess create_model() called ==================================
2022-09-19 21:07:54,888:INFO:Initializing create_model()
2022-09-19 21:07:54,889:INFO:create_model(estimator=dt, fold=StratifiedKFold(n_splits=10, random_state=None, shuffle=False), round=4, cross_validation=True, predict=True, fit_kwargs={}, groups=None, refit=False, verbose=False, system=False, metrics=None, add_to_model_list=True, probability_threshold=None, display=<pycaret.internal.Display.Display object at 0x000001AF6B4F5F40>, kwargs={})
2022-09-19 21:07:54,889:INFO:Checking exceptions
2022-09-19 21:07:54,889:INFO:Importing libraries
2022-09-19 21:07:54,889:INFO:Copying training dataset
2022-09-19 21:07:54,890:INFO:Defining folds
2022-09-19 21:07:54,890:INFO:Declaring metric variables
2022-09-19 21:07:54,899:INFO:Importing untrained model
2022-09-19 21:07:54,907:INFO:Decision Tree Classifier Imported succesfully
2022-09-19 21:07:54,925:INFO:Starting cross validation
2022-09-19 21:07:54,926:INFO:Cross validating with StratifiedKFold(n_splits=10, random_state=None, shuffle=False), n_jobs=-1
2022-09-19 21:07:54,979:INFO:Calculating mean and std
2022-09-19 21:07:54,980:INFO:Creating metrics dataframe
2022-09-19 21:07:55,008:INFO:Uploading results into container
2022-09-19 21:07:55,008:INFO:Uploading model into container now
2022-09-19 21:07:55,008:INFO:create_model_container: 4
2022-09-19 21:07:55,008:INFO:master_model_container: 4
2022-09-19 21:07:55,008:INFO:display_container: 2
2022-09-19 21:07:55,009:INFO:DecisionTreeClassifier(ccp_alpha=0.0, class_weight=None, criterion='gini',
                       max_depth=None, max_features=None, max_leaf_nodes=None,
                       min_impurity_decrease=0.0, min_impurity_split=None,
                       min_samples_leaf=1, min_samples_split=2,
                       min_weight_fraction_leaf=0.0, presort='deprecated',
                       random_state=290, splitter='best')
2022-09-19 21:07:55,009:INFO:create_model() succesfully completed......................................
2022-09-19 21:07:55,082:INFO:SubProcess create_model() end ==================================
2022-09-19 21:07:55,082:INFO:Creating metrics dataframe
2022-09-19 21:07:55,106:INFO:Initializing SVM - Linear Kernel
2022-09-19 21:07:55,106:INFO:Total runtime is 0.09598373969395957 minutes
2022-09-19 21:07:55,115:INFO:SubProcess create_model() called ==================================
2022-09-19 21:07:55,115:INFO:Initializing create_model()
2022-09-19 21:07:55,115:INFO:create_model(estimator=svm, fold=StratifiedKFold(n_splits=10, random_state=None, shuffle=False), round=4, cross_validation=True, predict=True, fit_kwargs={}, groups=None, refit=False, verbose=False, system=False, metrics=None, add_to_model_list=True, probability_threshold=None, display=<pycaret.internal.Display.Display object at 0x000001AF6B4F5F40>, kwargs={})
2022-09-19 21:07:55,115:INFO:Checking exceptions
2022-09-19 21:07:55,116:INFO:Importing libraries
2022-09-19 21:07:55,116:INFO:Copying training dataset
2022-09-19 21:07:55,116:INFO:Defining folds
2022-09-19 21:07:55,117:INFO:Declaring metric variables
2022-09-19 21:07:55,126:INFO:Importing untrained model
2022-09-19 21:07:55,135:INFO:SVM - Linear Kernel Imported succesfully
2022-09-19 21:07:55,153:INFO:Starting cross validation
2022-09-19 21:07:55,153:INFO:Cross validating with StratifiedKFold(n_splits=10, random_state=None, shuffle=False), n_jobs=-1
2022-09-19 21:07:55,322:INFO:Calculating mean and std
2022-09-19 21:07:55,323:INFO:Creating metrics dataframe
2022-09-19 21:07:55,353:INFO:Uploading results into container
2022-09-19 21:07:55,353:INFO:Uploading model into container now
2022-09-19 21:07:55,353:INFO:create_model_container: 5
2022-09-19 21:07:55,354:INFO:master_model_container: 5
2022-09-19 21:07:55,354:INFO:display_container: 2
2022-09-19 21:07:55,354:INFO:SGDClassifier(alpha=0.0001, average=False, class_weight=None,
              early_stopping=False, epsilon=0.1, eta0=0.001, fit_intercept=True,
              l1_ratio=0.15, learning_rate='optimal', loss='hinge',
              max_iter=1000, n_iter_no_change=5, n_jobs=-1, penalty='l2',
              power_t=0.5, random_state=290, shuffle=True, tol=0.001,
              validation_fraction=0.1, verbose=0, warm_start=False)
2022-09-19 21:07:55,354:INFO:create_model() succesfully completed......................................
2022-09-19 21:07:55,431:INFO:SubProcess create_model() end ==================================
2022-09-19 21:07:55,431:INFO:Creating metrics dataframe
2022-09-19 21:07:55,452:INFO:Initializing Ridge Classifier
2022-09-19 21:07:55,452:INFO:Total runtime is 0.10174999634424847 minutes
2022-09-19 21:07:55,458:INFO:SubProcess create_model() called ==================================
2022-09-19 21:07:55,459:INFO:Initializing create_model()
2022-09-19 21:07:55,459:INFO:create_model(estimator=ridge, fold=StratifiedKFold(n_splits=10, random_state=None, shuffle=False), round=4, cross_validation=True, predict=True, fit_kwargs={}, groups=None, refit=False, verbose=False, system=False, metrics=None, add_to_model_list=True, probability_threshold=None, display=<pycaret.internal.Display.Display object at 0x000001AF6B4F5F40>, kwargs={})
2022-09-19 21:07:55,459:INFO:Checking exceptions
2022-09-19 21:07:55,459:INFO:Importing libraries
2022-09-19 21:07:55,459:INFO:Copying training dataset
2022-09-19 21:07:55,460:INFO:Defining folds
2022-09-19 21:07:55,460:INFO:Declaring metric variables
2022-09-19 21:07:55,469:INFO:Importing untrained model
2022-09-19 21:07:55,477:INFO:Ridge Classifier Imported succesfully
2022-09-19 21:07:55,493:INFO:Starting cross validation
2022-09-19 21:07:55,494:INFO:Cross validating with StratifiedKFold(n_splits=10, random_state=None, shuffle=False), n_jobs=-1
2022-09-19 21:07:55,535:INFO:Calculating mean and std
2022-09-19 21:07:55,535:INFO:Creating metrics dataframe
2022-09-19 21:07:55,564:INFO:Uploading results into container
2022-09-19 21:07:55,564:INFO:Uploading model into container now
2022-09-19 21:07:55,564:INFO:create_model_container: 6
2022-09-19 21:07:55,564:INFO:master_model_container: 6
2022-09-19 21:07:55,564:INFO:display_container: 2
2022-09-19 21:07:55,565:INFO:RidgeClassifier(alpha=1.0, class_weight=None, copy_X=True, fit_intercept=True,
                max_iter=None, normalize=False, random_state=290, solver='auto',
                tol=0.001)
2022-09-19 21:07:55,565:INFO:create_model() succesfully completed......................................
2022-09-19 21:07:55,646:INFO:SubProcess create_model() end ==================================
2022-09-19 21:07:55,646:INFO:Creating metrics dataframe
2022-09-19 21:07:55,672:INFO:Initializing Random Forest Classifier
2022-09-19 21:07:55,672:INFO:Total runtime is 0.10541667143503827 minutes
2022-09-19 21:07:55,683:INFO:SubProcess create_model() called ==================================
2022-09-19 21:07:55,683:INFO:Initializing create_model()
2022-09-19 21:07:55,683:INFO:create_model(estimator=rf, fold=StratifiedKFold(n_splits=10, random_state=None, shuffle=False), round=4, cross_validation=True, predict=True, fit_kwargs={}, groups=None, refit=False, verbose=False, system=False, metrics=None, add_to_model_list=True, probability_threshold=None, display=<pycaret.internal.Display.Display object at 0x000001AF6B4F5F40>, kwargs={})
2022-09-19 21:07:55,683:INFO:Checking exceptions
2022-09-19 21:07:55,683:INFO:Importing libraries
2022-09-19 21:07:55,683:INFO:Copying training dataset
2022-09-19 21:07:55,684:INFO:Defining folds
2022-09-19 21:07:55,684:INFO:Declaring metric variables
2022-09-19 21:07:55,692:INFO:Importing untrained model
2022-09-19 21:07:55,702:INFO:Random Forest Classifier Imported succesfully
2022-09-19 21:07:55,718:INFO:Starting cross validation
2022-09-19 21:07:55,719:INFO:Cross validating with StratifiedKFold(n_splits=10, random_state=None, shuffle=False), n_jobs=-1
2022-09-19 21:07:56,619:INFO:Calculating mean and std
2022-09-19 21:07:56,621:INFO:Creating metrics dataframe
2022-09-19 21:07:56,712:INFO:Uploading results into container
2022-09-19 21:07:56,712:INFO:Uploading model into container now
2022-09-19 21:07:56,712:INFO:create_model_container: 7
2022-09-19 21:07:56,713:INFO:master_model_container: 7
2022-09-19 21:07:56,713:INFO:display_container: 2
2022-09-19 21:07:56,713:INFO:RandomForestClassifier(bootstrap=True, ccp_alpha=0.0, class_weight=None,
                       criterion='gini', max_depth=None, max_features='auto',
                       max_leaf_nodes=None, max_samples=None,
                       min_impurity_decrease=0.0, min_impurity_split=None,
                       min_samples_leaf=1, min_samples_split=2,
                       min_weight_fraction_leaf=0.0, n_estimators=100,
                       n_jobs=-1, oob_score=False, random_state=290, verbose=0,
                       warm_start=False)
2022-09-19 21:07:56,713:INFO:create_model() succesfully completed......................................
2022-09-19 21:07:56,815:INFO:SubProcess create_model() end ==================================
2022-09-19 21:07:56,816:INFO:Creating metrics dataframe
2022-09-19 21:07:56,846:INFO:Initializing Quadratic Discriminant Analysis
2022-09-19 21:07:56,846:INFO:Total runtime is 0.12498334646224978 minutes
2022-09-19 21:07:56,855:INFO:SubProcess create_model() called ==================================
2022-09-19 21:07:56,855:INFO:Initializing create_model()
2022-09-19 21:07:56,856:INFO:create_model(estimator=qda, fold=StratifiedKFold(n_splits=10, random_state=None, shuffle=False), round=4, cross_validation=True, predict=True, fit_kwargs={}, groups=None, refit=False, verbose=False, system=False, metrics=None, add_to_model_list=True, probability_threshold=None, display=<pycaret.internal.Display.Display object at 0x000001AF6B4F5F40>, kwargs={})
2022-09-19 21:07:56,856:INFO:Checking exceptions
2022-09-19 21:07:56,856:INFO:Importing libraries
2022-09-19 21:07:56,856:INFO:Copying training dataset
2022-09-19 21:07:56,857:INFO:Defining folds
2022-09-19 21:07:56,858:INFO:Declaring metric variables
2022-09-19 21:07:56,869:INFO:Importing untrained model
2022-09-19 21:07:56,876:INFO:Quadratic Discriminant Analysis Imported succesfully
2022-09-19 21:07:56,892:INFO:Starting cross validation
2022-09-19 21:07:56,893:INFO:Cross validating with StratifiedKFold(n_splits=10, random_state=None, shuffle=False), n_jobs=-1
2022-09-19 21:07:56,967:INFO:Calculating mean and std
2022-09-19 21:07:56,970:INFO:Creating metrics dataframe
2022-09-19 21:07:57,024:INFO:Uploading results into container
2022-09-19 21:07:57,024:INFO:Uploading model into container now
2022-09-19 21:07:57,024:INFO:create_model_container: 8
2022-09-19 21:07:57,024:INFO:master_model_container: 8
2022-09-19 21:07:57,024:INFO:display_container: 2
2022-09-19 21:07:57,025:INFO:QuadraticDiscriminantAnalysis(priors=None, reg_param=0.0,
                              store_covariance=False, tol=0.0001)
2022-09-19 21:07:57,025:INFO:create_model() succesfully completed......................................
2022-09-19 21:07:57,138:INFO:SubProcess create_model() end ==================================
2022-09-19 21:07:57,138:INFO:Creating metrics dataframe
2022-09-19 21:07:57,170:INFO:Initializing Ada Boost Classifier
2022-09-19 21:07:57,170:INFO:Total runtime is 0.13038334449132286 minutes
2022-09-19 21:07:57,181:INFO:SubProcess create_model() called ==================================
2022-09-19 21:07:57,182:INFO:Initializing create_model()
2022-09-19 21:07:57,182:INFO:create_model(estimator=ada, fold=StratifiedKFold(n_splits=10, random_state=None, shuffle=False), round=4, cross_validation=True, predict=True, fit_kwargs={}, groups=None, refit=False, verbose=False, system=False, metrics=None, add_to_model_list=True, probability_threshold=None, display=<pycaret.internal.Display.Display object at 0x000001AF6B4F5F40>, kwargs={})
2022-09-19 21:07:57,182:INFO:Checking exceptions
2022-09-19 21:07:57,182:INFO:Importing libraries
2022-09-19 21:07:57,182:INFO:Copying training dataset
2022-09-19 21:07:57,183:INFO:Defining folds
2022-09-19 21:07:57,184:INFO:Declaring metric variables
2022-09-19 21:07:57,194:INFO:Importing untrained model
2022-09-19 21:07:57,209:INFO:Ada Boost Classifier Imported succesfully
2022-09-19 21:07:57,225:INFO:Starting cross validation
2022-09-19 21:07:57,226:INFO:Cross validating with StratifiedKFold(n_splits=10, random_state=None, shuffle=False), n_jobs=-1
2022-09-19 21:07:57,872:INFO:Calculating mean and std
2022-09-19 21:07:57,873:INFO:Creating metrics dataframe
2022-09-19 21:07:57,922:INFO:Uploading results into container
2022-09-19 21:07:57,922:INFO:Uploading model into container now
2022-09-19 21:07:57,922:INFO:create_model_container: 9
2022-09-19 21:07:57,922:INFO:master_model_container: 9
2022-09-19 21:07:57,922:INFO:display_container: 2
2022-09-19 21:07:57,923:INFO:AdaBoostClassifier(algorithm='SAMME.R', base_estimator=None, learning_rate=1.0,
                   n_estimators=50, random_state=290)
2022-09-19 21:07:57,923:INFO:create_model() succesfully completed......................................
2022-09-19 21:07:58,013:INFO:SubProcess create_model() end ==================================
2022-09-19 21:07:58,014:INFO:Creating metrics dataframe
2022-09-19 21:07:58,043:INFO:Initializing Gradient Boosting Classifier
2022-09-19 21:07:58,043:INFO:Total runtime is 0.14493330319722494 minutes
2022-09-19 21:07:58,052:INFO:SubProcess create_model() called ==================================
2022-09-19 21:07:58,052:INFO:Initializing create_model()
2022-09-19 21:07:58,053:INFO:create_model(estimator=gbc, fold=StratifiedKFold(n_splits=10, random_state=None, shuffle=False), round=4, cross_validation=True, predict=True, fit_kwargs={}, groups=None, refit=False, verbose=False, system=False, metrics=None, add_to_model_list=True, probability_threshold=None, display=<pycaret.internal.Display.Display object at 0x000001AF6B4F5F40>, kwargs={})
2022-09-19 21:07:58,053:INFO:Checking exceptions
2022-09-19 21:07:58,053:INFO:Importing libraries
2022-09-19 21:07:58,053:INFO:Copying training dataset
2022-09-19 21:07:58,054:INFO:Defining folds
2022-09-19 21:07:58,054:INFO:Declaring metric variables
2022-09-19 21:07:58,062:INFO:Importing untrained model
2022-09-19 21:07:58,072:INFO:Gradient Boosting Classifier Imported succesfully
2022-09-19 21:07:58,089:INFO:Starting cross validation
2022-09-19 21:07:58,090:INFO:Cross validating with StratifiedKFold(n_splits=10, random_state=None, shuffle=False), n_jobs=-1
2022-09-19 21:07:59,304:INFO:Calculating mean and std
2022-09-19 21:07:59,305:INFO:Creating metrics dataframe
2022-09-19 21:07:59,342:INFO:Uploading results into container
2022-09-19 21:07:59,343:INFO:Uploading model into container now
2022-09-19 21:07:59,343:INFO:create_model_container: 10
2022-09-19 21:07:59,343:INFO:master_model_container: 10
2022-09-19 21:07:59,343:INFO:display_container: 2
2022-09-19 21:07:59,344:INFO:GradientBoostingClassifier(ccp_alpha=0.0, criterion='friedman_mse', init=None,
                           learning_rate=0.1, loss='deviance', max_depth=3,
                           max_features=None, max_leaf_nodes=None,
                           min_impurity_decrease=0.0, min_impurity_split=None,
                           min_samples_leaf=1, min_samples_split=2,
                           min_weight_fraction_leaf=0.0, n_estimators=100,
                           n_iter_no_change=None, presort='deprecated',
                           random_state=290, subsample=1.0, tol=0.0001,
                           validation_fraction=0.1, verbose=0,
                           warm_start=False)
2022-09-19 21:07:59,344:INFO:create_model() succesfully completed......................................
2022-09-19 21:07:59,435:INFO:SubProcess create_model() end ==================================
2022-09-19 21:07:59,435:INFO:Creating metrics dataframe
2022-09-19 21:07:59,465:INFO:Initializing Linear Discriminant Analysis
2022-09-19 21:07:59,465:INFO:Total runtime is 0.1686408797899882 minutes
2022-09-19 21:07:59,473:INFO:SubProcess create_model() called ==================================
2022-09-19 21:07:59,474:INFO:Initializing create_model()
2022-09-19 21:07:59,474:INFO:create_model(estimator=lda, fold=StratifiedKFold(n_splits=10, random_state=None, shuffle=False), round=4, cross_validation=True, predict=True, fit_kwargs={}, groups=None, refit=False, verbose=False, system=False, metrics=None, add_to_model_list=True, probability_threshold=None, display=<pycaret.internal.Display.Display object at 0x000001AF6B4F5F40>, kwargs={})
2022-09-19 21:07:59,474:INFO:Checking exceptions
2022-09-19 21:07:59,474:INFO:Importing libraries
2022-09-19 21:07:59,474:INFO:Copying training dataset
2022-09-19 21:07:59,475:INFO:Defining folds
2022-09-19 21:07:59,475:INFO:Declaring metric variables
2022-09-19 21:07:59,482:INFO:Importing untrained model
2022-09-19 21:07:59,490:INFO:Linear Discriminant Analysis Imported succesfully
2022-09-19 21:07:59,508:INFO:Starting cross validation
2022-09-19 21:07:59,509:INFO:Cross validating with StratifiedKFold(n_splits=10, random_state=None, shuffle=False), n_jobs=-1
2022-09-19 21:07:59,561:INFO:Calculating mean and std
2022-09-19 21:07:59,563:INFO:Creating metrics dataframe
2022-09-19 21:07:59,613:INFO:Uploading results into container
2022-09-19 21:07:59,613:INFO:Uploading model into container now
2022-09-19 21:07:59,614:INFO:create_model_container: 11
2022-09-19 21:07:59,614:INFO:master_model_container: 11
2022-09-19 21:07:59,614:INFO:display_container: 2
2022-09-19 21:07:59,614:INFO:LinearDiscriminantAnalysis(n_components=None, priors=None, shrinkage=None,
                           solver='svd', store_covariance=False, tol=0.0001)
2022-09-19 21:07:59,614:INFO:create_model() succesfully completed......................................
2022-09-19 21:07:59,716:INFO:SubProcess create_model() end ==================================
2022-09-19 21:07:59,717:INFO:Creating metrics dataframe
2022-09-19 21:07:59,749:INFO:Initializing Extra Trees Classifier
2022-09-19 21:07:59,750:INFO:Total runtime is 0.1733871380488078 minutes
2022-09-19 21:07:59,758:INFO:SubProcess create_model() called ==================================
2022-09-19 21:07:59,759:INFO:Initializing create_model()
2022-09-19 21:07:59,759:INFO:create_model(estimator=et, fold=StratifiedKFold(n_splits=10, random_state=None, shuffle=False), round=4, cross_validation=True, predict=True, fit_kwargs={}, groups=None, refit=False, verbose=False, system=False, metrics=None, add_to_model_list=True, probability_threshold=None, display=<pycaret.internal.Display.Display object at 0x000001AF6B4F5F40>, kwargs={})
2022-09-19 21:07:59,759:INFO:Checking exceptions
2022-09-19 21:07:59,759:INFO:Importing libraries
2022-09-19 21:07:59,759:INFO:Copying training dataset
2022-09-19 21:07:59,761:INFO:Defining folds
2022-09-19 21:07:59,761:INFO:Declaring metric variables
2022-09-19 21:07:59,771:INFO:Importing untrained model
2022-09-19 21:07:59,779:INFO:Extra Trees Classifier Imported succesfully
2022-09-19 21:07:59,799:INFO:Starting cross validation
2022-09-19 21:07:59,800:INFO:Cross validating with StratifiedKFold(n_splits=10, random_state=None, shuffle=False), n_jobs=-1
2022-09-19 21:08:00,587:INFO:Calculating mean and std
2022-09-19 21:08:00,588:INFO:Creating metrics dataframe
2022-09-19 21:08:00,630:INFO:Uploading results into container
2022-09-19 21:08:00,630:INFO:Uploading model into container now
2022-09-19 21:08:00,630:INFO:create_model_container: 12
2022-09-19 21:08:00,630:INFO:master_model_container: 12
2022-09-19 21:08:00,631:INFO:display_container: 2
2022-09-19 21:08:00,632:INFO:ExtraTreesClassifier(bootstrap=False, ccp_alpha=0.0, class_weight=None,
                     criterion='gini', max_depth=None, max_features='auto',
                     max_leaf_nodes=None, max_samples=None,
                     min_impurity_decrease=0.0, min_impurity_split=None,
                     min_samples_leaf=1, min_samples_split=2,
                     min_weight_fraction_leaf=0.0, n_estimators=100, n_jobs=-1,
                     oob_score=False, random_state=290, verbose=0,
                     warm_start=False)
2022-09-19 21:08:00,633:INFO:create_model() succesfully completed......................................
2022-09-19 21:08:00,743:INFO:SubProcess create_model() end ==================================
2022-09-19 21:08:00,743:INFO:Creating metrics dataframe
2022-09-19 21:08:00,779:INFO:Initializing Extreme Gradient Boosting
2022-09-19 21:08:00,779:INFO:Total runtime is 0.19053672154744467 minutes
2022-09-19 21:08:00,789:INFO:SubProcess create_model() called ==================================
2022-09-19 21:08:00,790:INFO:Initializing create_model()
2022-09-19 21:08:00,791:INFO:create_model(estimator=xgboost, fold=StratifiedKFold(n_splits=10, random_state=None, shuffle=False), round=4, cross_validation=True, predict=True, fit_kwargs={}, groups=None, refit=False, verbose=False, system=False, metrics=None, add_to_model_list=True, probability_threshold=None, display=<pycaret.internal.Display.Display object at 0x000001AF6B4F5F40>, kwargs={})
2022-09-19 21:08:00,791:INFO:Checking exceptions
2022-09-19 21:08:00,791:INFO:Importing libraries
2022-09-19 21:08:00,791:INFO:Copying training dataset
2022-09-19 21:08:00,792:INFO:Defining folds
2022-09-19 21:08:00,792:INFO:Declaring metric variables
2022-09-19 21:08:00,803:INFO:Importing untrained model
2022-09-19 21:08:00,813:INFO:Extreme Gradient Boosting Imported succesfully
2022-09-19 21:08:00,834:INFO:Starting cross validation
2022-09-19 21:08:00,837:INFO:Cross validating with StratifiedKFold(n_splits=10, random_state=None, shuffle=False), n_jobs=-1
2022-09-19 21:08:01,742:INFO:Calculating mean and std
2022-09-19 21:08:01,743:INFO:Creating metrics dataframe
2022-09-19 21:08:01,796:INFO:Uploading results into container
2022-09-19 21:08:01,797:INFO:Uploading model into container now
2022-09-19 21:08:01,797:INFO:create_model_container: 13
2022-09-19 21:08:01,797:INFO:master_model_container: 13
2022-09-19 21:08:01,797:INFO:display_container: 2
2022-09-19 21:08:01,800:INFO:XGBClassifier(base_score=None, booster='gbtree', callbacks=None,
              colsample_bylevel=None, colsample_bynode=None,
              colsample_bytree=None, early_stopping_rounds=None,
              enable_categorical=False, eval_metric=None, gamma=None,
              gpu_id=None, grow_policy=None, importance_type=None,
              interaction_constraints=None, learning_rate=None, max_bin=None,
              max_cat_to_onehot=None, max_delta_step=None, max_depth=None,
              max_leaves=None, min_child_weight=None, missing=nan,
              monotone_constraints=None, n_estimators=100, n_jobs=-1,
              num_parallel_tree=None, objective='binary:logistic',
              predictor=None, random_state=290, reg_alpha=None, ...)
2022-09-19 21:08:01,801:INFO:create_model() succesfully completed......................................
2022-09-19 21:08:01,953:INFO:SubProcess create_model() end ==================================
2022-09-19 21:08:01,953:INFO:Creating metrics dataframe
2022-09-19 21:08:02,009:INFO:Initializing Light Gradient Boosting Machine
2022-09-19 21:08:02,009:INFO:Total runtime is 0.21103676160176596 minutes
2022-09-19 21:08:02,029:INFO:SubProcess create_model() called ==================================
2022-09-19 21:08:02,030:INFO:Initializing create_model()
2022-09-19 21:08:02,030:INFO:create_model(estimator=lightgbm, fold=StratifiedKFold(n_splits=10, random_state=None, shuffle=False), round=4, cross_validation=True, predict=True, fit_kwargs={}, groups=None, refit=False, verbose=False, system=False, metrics=None, add_to_model_list=True, probability_threshold=None, display=<pycaret.internal.Display.Display object at 0x000001AF6B4F5F40>, kwargs={})
2022-09-19 21:08:02,031:INFO:Checking exceptions
2022-09-19 21:08:02,031:INFO:Importing libraries
2022-09-19 21:08:02,031:INFO:Copying training dataset
2022-09-19 21:08:02,034:INFO:Defining folds
2022-09-19 21:08:02,034:INFO:Declaring metric variables
2022-09-19 21:08:02,051:INFO:Importing untrained model
2022-09-19 21:08:02,075:INFO:Light Gradient Boosting Machine Imported succesfully
2022-09-19 21:08:02,105:INFO:Starting cross validation
2022-09-19 21:08:02,106:INFO:Cross validating with StratifiedKFold(n_splits=10, random_state=None, shuffle=False), n_jobs=-1
2022-09-19 21:08:04,713:INFO:Calculating mean and std
2022-09-19 21:08:04,714:INFO:Creating metrics dataframe
2022-09-19 21:08:04,767:INFO:Uploading results into container
2022-09-19 21:08:04,768:INFO:Uploading model into container now
2022-09-19 21:08:04,768:INFO:create_model_container: 14
2022-09-19 21:08:04,768:INFO:master_model_container: 14
2022-09-19 21:08:04,768:INFO:display_container: 2
2022-09-19 21:08:04,769:INFO:LGBMClassifier(boosting_type='gbdt', class_weight=None, colsample_bytree=1.0,
               importance_type='split', learning_rate=0.1, max_depth=-1,
               min_child_samples=20, min_child_weight=0.001, min_split_gain=0.0,
               n_estimators=100, n_jobs=-1, num_leaves=31, objective=None,
               random_state=290, reg_alpha=0.0, reg_lambda=0.0, silent='warn',
               subsample=1.0, subsample_for_bin=200000, subsample_freq=0)
2022-09-19 21:08:04,769:INFO:create_model() succesfully completed......................................
2022-09-19 21:08:04,904:INFO:SubProcess create_model() end ==================================
2022-09-19 21:08:04,904:INFO:Creating metrics dataframe
2022-09-19 21:08:04,950:INFO:Initializing Dummy Classifier
2022-09-19 21:08:04,950:INFO:Total runtime is 0.26005341609319055 minutes
2022-09-19 21:08:04,968:INFO:SubProcess create_model() called ==================================
2022-09-19 21:08:04,970:INFO:Initializing create_model()
2022-09-19 21:08:04,970:INFO:create_model(estimator=dummy, fold=StratifiedKFold(n_splits=10, random_state=None, shuffle=False), round=4, cross_validation=True, predict=True, fit_kwargs={}, groups=None, refit=False, verbose=False, system=False, metrics=None, add_to_model_list=True, probability_threshold=None, display=<pycaret.internal.Display.Display object at 0x000001AF6B4F5F40>, kwargs={})
2022-09-19 21:08:04,970:INFO:Checking exceptions
2022-09-19 21:08:04,971:INFO:Importing libraries
2022-09-19 21:08:04,971:INFO:Copying training dataset
2022-09-19 21:08:04,973:INFO:Defining folds
2022-09-19 21:08:04,975:INFO:Declaring metric variables
2022-09-19 21:08:04,988:INFO:Importing untrained model
2022-09-19 21:08:05,004:INFO:Dummy Classifier Imported succesfully
2022-09-19 21:08:05,030:INFO:Starting cross validation
2022-09-19 21:08:05,032:INFO:Cross validating with StratifiedKFold(n_splits=10, random_state=None, shuffle=False), n_jobs=-1
2022-09-19 21:08:05,106:INFO:Calculating mean and std
2022-09-19 21:08:05,107:INFO:Creating metrics dataframe
2022-09-19 21:08:05,164:INFO:Uploading results into container
2022-09-19 21:08:05,164:INFO:Uploading model into container now
2022-09-19 21:08:05,164:INFO:create_model_container: 15
2022-09-19 21:08:05,164:INFO:master_model_container: 15
2022-09-19 21:08:05,164:INFO:display_container: 2
2022-09-19 21:08:05,164:INFO:DummyClassifier(constant=None, random_state=290, strategy='prior')
2022-09-19 21:08:05,164:INFO:create_model() succesfully completed......................................
2022-09-19 21:08:05,308:INFO:SubProcess create_model() end ==================================
2022-09-19 21:08:05,309:INFO:Creating metrics dataframe
2022-09-19 21:08:05,383:INFO:Initializing create_model()
2022-09-19 21:08:05,384:INFO:create_model(estimator=LGBMClassifier(boosting_type='gbdt', class_weight=None, colsample_bytree=1.0,
               importance_type='split', learning_rate=0.1, max_depth=-1,
               min_child_samples=20, min_child_weight=0.001, min_split_gain=0.0,
               n_estimators=100, n_jobs=-1, num_leaves=31, objective=None,
               random_state=290, reg_alpha=0.0, reg_lambda=0.0, silent='warn',
               subsample=1.0, subsample_for_bin=200000, subsample_freq=0), fold=StratifiedKFold(n_splits=10, random_state=None, shuffle=False), round=4, cross_validation=False, predict=False, fit_kwargs={}, groups=None, refit=True, verbose=False, system=False, metrics=None, add_to_model_list=True, probability_threshold=None, display=None, kwargs={})
2022-09-19 21:08:05,384:INFO:Checking exceptions
2022-09-19 21:08:05,384:INFO:Importing libraries
2022-09-19 21:08:05,384:INFO:Copying training dataset
2022-09-19 21:08:05,384:INFO:Defining folds
2022-09-19 21:08:05,384:INFO:Declaring metric variables
2022-09-19 21:08:05,384:INFO:Importing untrained model
2022-09-19 21:08:05,384:INFO:Declaring custom model
2022-09-19 21:08:05,386:INFO:Light Gradient Boosting Machine Imported succesfully
2022-09-19 21:08:05,387:INFO:Cross validation set to False
2022-09-19 21:08:05,387:INFO:Fitting Model
2022-09-19 21:08:05,605:INFO:LGBMClassifier(boosting_type='gbdt', class_weight=None, colsample_bytree=1.0,
               importance_type='split', learning_rate=0.1, max_depth=-1,
               min_child_samples=20, min_child_weight=0.001, min_split_gain=0.0,
               n_estimators=100, n_jobs=-1, num_leaves=31, objective=None,
               random_state=290, reg_alpha=0.0, reg_lambda=0.0, silent='warn',
               subsample=1.0, subsample_for_bin=200000, subsample_freq=0)
2022-09-19 21:08:05,605:INFO:create_models() succesfully completed......................................
2022-09-19 21:08:05,727:INFO:create_model_container: 15
2022-09-19 21:08:05,727:INFO:master_model_container: 15
2022-09-19 21:08:05,727:INFO:display_container: 2
2022-09-19 21:08:05,728:INFO:LGBMClassifier(boosting_type='gbdt', class_weight=None, colsample_bytree=1.0,
               importance_type='split', learning_rate=0.1, max_depth=-1,
               min_child_samples=20, min_child_weight=0.001, min_split_gain=0.0,
               n_estimators=100, n_jobs=-1, num_leaves=31, objective=None,
               random_state=290, reg_alpha=0.0, reg_lambda=0.0, silent='warn',
               subsample=1.0, subsample_for_bin=200000, subsample_freq=0)
2022-09-19 21:08:05,729:INFO:compare_models() succesfully completed......................................
